<?xml version="1.0" encoding="UTF-8"?>
<!-- Generated by org.testng.reporters.JUnitReportReporter -->
<testsuite hostname="GRL-LT-205" failures="0" tests="1" name="testCases.TC_007Way2Login" time="0.492" errors="0" timestamp="2024-04-04T10:53:55 IST" skipped="0">
  <testcase classname="testCases.TC_007Way2Login" name="way2_login" time="0.492"/>
  <system-out/>
</testsuite> <!-- testCases.TC_007Way2Login -->
