<?xml version="1.0" encoding="UTF-8"?>
<!-- Generated by org.testng.reporters.JUnitReportReporter -->
<testsuite hostname="GRL-LT-205" failures="0" tests="1" name="testCases.TC_002LoginTest" time="1.990" errors="0" timestamp="2024-04-06T23:01:29 IST" skipped="0">
  <testcase classname="testCases.TC_002LoginTest" name="verify_Login" time="1.990"/>
  <system-out/>
</testsuite> <!-- testCases.TC_002LoginTest -->
