<?xml version="1.0" encoding="UTF-8"?>
<!-- Generated by org.testng.reporters.JUnitReportReporter -->
<testsuite hostname="GRL-LT-205" failures="0" tests="1" name="testCases.TC_006Way2Account" time="1.256" errors="0" timestamp="2024-04-04T10:53:55 IST" skipped="0">
  <testcase classname="testCases.TC_006Way2Account" name="way_account" time="1.256"/>
  <system-out/>
</testsuite> <!-- testCases.TC_006Way2Account -->
